<?xml version="1.0" encoding="UTF-8" ?>
<testsuite failures="0" time="0.364" errors="0" skipped="0" tests="29" name="mx.victor.arana.codingbat.LogicOneTest">
  <properties>
[...]
</properties>
  <testcase time="0.05" classname="mx.victor.arana.codingbat.LogicOneTest" name="TenSum"/>
  <testcase time="0" classname="mx.victor.arana.codingbat.LogicOneTest" name="teaParty"/>
  <testcase time="0" classname="mx.victor.arana.codingbat.LogicOneTest" name="fizzString2"/>
  <testcase time="0" classname="mx.victor.arana.codingbat.LogicOneTest" name="specialEleven"/>
  <testcase time="0" classname="mx.victor.arana.codingbat.LogicOneTest" name="testsumLimit"/>
  <testcase time="0" classname="mx.victor.arana.codingbat.LogicOneTest" name="less20"/>
  <testcase time="0" classname="mx.victor.arana.codingbat.LogicOneTest" name="more20"/>
  <testcase time="0" classname="mx.victor.arana.codingbat.LogicOneTest" name="inOrderEqual"/>
  <testcase time="0" classname="mx.victor.arana.codingbat.LogicOneTest" name="alarmClock"/>
  <testcase time="0" classname="mx.victor.arana.codingbat.LogicOneTest" name="blueTicket"/>
  <testcase time="0" classname="mx.victor.arana.codingbat.LogicOneTest" name="love6"/>
  <testcase time="0" classname="mx.victor.arana.codingbat.LogicOneTest" name="old35"/>
  <testcase time="0" classname="mx.victor.arana.codingbat.LogicOneTest" name="caughtSpeeding"/>
  <testcase time="0" classname="mx.victor.arana.codingbat.LogicOneTest" name="sharedDigit"/>
  <testcase time="0" classname="mx.victor.arana.codingbat.LogicOneTest" name="SquirrelPlay"/>
  <testcase time="0" classname="mx.victor.arana.codingbat.LogicOneTest" name="maxMod5"/>
  <testcase time="0" classname="mx.victor.arana.codingbat.LogicOneTest" name="answerCell"/>
  <testcase time="0" classname="mx.victor.arana.codingbat.LogicOneTest" name="redTicket"/>
  <testcase time="0" classname="mx.victor.arana.codingbat.LogicOneTest" name="withoutDoubles"/>
  <testcase time="0" classname="mx.victor.arana.codingbat.LogicOneTest" name="sortaSum"/>
  <testcase time="0" classname="mx.victor.arana.codingbat.LogicOneTest" name="twoAsOne"/>
  <testcase time="0" classname="mx.victor.arana.codingbat.LogicOneTest" name="DateFashion"/>
  <testcase time="0" classname="mx.victor.arana.codingbat.LogicOneTest" name="nearTen"/>
  <testcase time="0" classname="mx.victor.arana.codingbat.LogicOneTest" name="fizzString"/>
  <testcase time="0" classname="mx.victor.arana.codingbat.LogicOneTest" name="in1To10"/>
  <testcase time="0" classname="mx.victor.arana.codingbat.LogicOneTest" name="inOrder"/>
  <testcase time="0" classname="mx.victor.arana.codingbat.LogicOneTest" name="lastDigit"/>
  <testcase time="0" classname="mx.victor.arana.codingbat.LogicOneTest" name="greenTicket"/>
  <testcase time="0" classname="mx.victor.arana.codingbat.LogicOneTest" name="lessBy10"/>
</testsuite>